0 info it worked if it ends with ok
1 verbose cli [ '/usr/local/heroku/bin/node', '/usr/local/bin/npm', 'start' ]
2 info using npm@3.10.3
3 info using node@v8.4.0
4 verbose run-script [ 'prestart', 'start', 'poststart' ]
5 info lifecycle dc-warm-up-server@1.0.0~prestart: dc-warm-up-server@1.0.0
6 silly lifecycle dc-warm-up-server@1.0.0~prestart: no script for prestart, continuing
7 info lifecycle dc-warm-up-server@1.0.0~start: dc-warm-up-server@1.0.0
8 verbose lifecycle dc-warm-up-server@1.0.0~start: unsafe-perm in lifecycle true
9 verbose lifecycle dc-warm-up-server@1.0.0~start: PATH: /usr/local/lib/node_modules/npm/bin/node-gyp-bin:/home/pib/workspace/perso/dc-warm-up/11_react_native_app/server/node_modules/.bin:/usr/local/heroku/bin:/usr/local/heroku/bin:/home/pib/.rbenv/plugins/ruby-build/bin:/home/pib/.rbenv/shims:/home/pib/.rbenv/bin:/home/pib/.rbenv/shims:/home/pib/.rbenv/bin:/home/pib/.rbenv/shims:/home/pib/.rbenv/bin:/home/pib/bin:/home/pib/.local/bin:/usr/local/sbin:/usr/local/bin:/usr/sbin:/usr/bin:/sbin:/bin:/usr/games:/usr/local/games:/snap/bin:/home/pib/bin
10 verbose lifecycle dc-warm-up-server@1.0.0~start: CWD: /home/pib/workspace/perso/dc-warm-up/11_react_native_app/server
11 silly lifecycle dc-warm-up-server@1.0.0~start: Args: [ '-c', 'node index.js' ]
12 silly lifecycle dc-warm-up-server@1.0.0~start: Returned: code: 1  signal: null
13 info lifecycle dc-warm-up-server@1.0.0~start: Failed to exec start script
14 verbose stack Error: dc-warm-up-server@1.0.0 start: `node index.js`
14 verbose stack Exit status 1
14 verbose stack     at EventEmitter.<anonymous> (/usr/local/lib/node_modules/npm/lib/utils/lifecycle.js:242:16)
14 verbose stack     at emitTwo (events.js:125:13)
14 verbose stack     at EventEmitter.emit (events.js:213:7)
14 verbose stack     at ChildProcess.<anonymous> (/usr/local/lib/node_modules/npm/lib/utils/spawn.js:40:14)
14 verbose stack     at emitTwo (events.js:125:13)
14 verbose stack     at ChildProcess.emit (events.js:213:7)
14 verbose stack     at maybeClose (internal/child_process.js:927:16)
14 verbose stack     at Process.ChildProcess._handle.onexit (internal/child_process.js:211:5)
15 verbose pkgid dc-warm-up-server@1.0.0
16 verbose cwd /home/pib/workspace/perso/dc-warm-up/11_react_native_app/server
17 error Linux 4.4.0-101-generic
18 error argv "/usr/local/heroku/bin/node" "/usr/local/bin/npm" "start"
19 error node v8.4.0
20 error npm  v3.10.3
21 error code ELIFECYCLE
22 error dc-warm-up-server@1.0.0 start: `node index.js`
22 error Exit status 1
23 error Failed at the dc-warm-up-server@1.0.0 start script 'node index.js'.
23 error Make sure you have the latest version of node.js and npm installed.
23 error If you do, this is most likely a problem with the dc-warm-up-server package,
23 error not with npm itself.
23 error Tell the author that this fails on your system:
23 error     node index.js
23 error You can get information on how to open an issue for this project with:
23 error     npm bugs dc-warm-up-server
23 error Or if that isn't available, you can get their info via:
23 error     npm owner ls dc-warm-up-server
23 error There is likely additional logging output above.
24 verbose exit [ 1, true ]
